CRITICAL - 2020-06-26 03:53:10 --> Too few arguments to function App\Controllers\Posts::edit(), 0 passed in C:\Users\Jajang Nurjaman\blog\vendor\codeigniter4\framework\system\CodeIgniter.php on line 914 and exactly 1 expected
#0 C:\Users\Jajang Nurjaman\blog\vendor\codeigniter4\framework\system\CodeIgniter.php(914): App\Controllers\Posts->edit()
#1 C:\Users\Jajang Nurjaman\blog\vendor\codeigniter4\framework\system\CodeIgniter.php(400): CodeIgniter\CodeIgniter->runController(Object(App\Controllers\Posts))
#2 C:\Users\Jajang Nurjaman\blog\vendor\codeigniter4\framework\system\CodeIgniter.php(308): CodeIgniter\CodeIgniter->handleRequest(NULL, Object(Config\Cache), false)
#3 C:\Users\Jajang Nurjaman\blog\public\index.php(45): CodeIgniter\CodeIgniter->run()
#4 C:\Users\Jajang Nurjaman\blog\vendor\codeigniter4\framework\system\Commands\Server\rewrite.php(34): require_once('C:\\Users\\Jajang...')
#5 {main}
CRITICAL - 2020-06-26 03:56:30 --> Undefined variable: posts
#0 C:\Users\Jajang Nurjaman\blog\app\Views\posts\edit.php(13): CodeIgniter\Debug\Exceptions->errorHandler(8, 'Undefined varia...', 'C:\\Users\\Jajang...', 13, Array)
#1 C:\Users\Jajang Nurjaman\blog\vendor\codeigniter4\framework\system\View\View.php(246): include('C:\\Users\\Jajang...')
#2 C:\Users\Jajang Nurjaman\blog\vendor\codeigniter4\framework\system\Common.php(1087): CodeIgniter\View\View->render('posts/edit', Array, true)
#3 C:\Users\Jajang Nurjaman\blog\app\Controllers\Posts.php(69): view('posts/edit', Array)
#4 C:\Users\Jajang Nurjaman\blog\vendor\codeigniter4\framework\system\CodeIgniter.php(914): App\Controllers\Posts->edit('18')
#5 C:\Users\Jajang Nurjaman\blog\vendor\codeigniter4\framework\system\CodeIgniter.php(400): CodeIgniter\CodeIgniter->runController(Object(App\Controllers\Posts))
#6 C:\Users\Jajang Nurjaman\blog\vendor\codeigniter4\framework\system\CodeIgniter.php(308): CodeIgniter\CodeIgniter->handleRequest(NULL, Object(Config\Cache), false)
#7 C:\Users\Jajang Nurjaman\blog\public\index.php(45): CodeIgniter\CodeIgniter->run()
#8 C:\Users\Jajang Nurjaman\blog\vendor\codeigniter4\framework\system\Commands\Server\rewrite.php(34): require_once('C:\\Users\\Jajang...')
#9 {main}
CRITICAL - 2020-06-26 03:59:08 --> Undefined variable: posts
#0 C:\Users\Jajang Nurjaman\blog\app\Views\posts\edit.php(13): CodeIgniter\Debug\Exceptions->errorHandler(8, 'Undefined varia...', 'C:\\Users\\Jajang...', 13, Array)
#1 C:\Users\Jajang Nurjaman\blog\vendor\codeigniter4\framework\system\View\View.php(246): include('C:\\Users\\Jajang...')
#2 C:\Users\Jajang Nurjaman\blog\vendor\codeigniter4\framework\system\Common.php(1087): CodeIgniter\View\View->render('posts/edit', Array, true)
#3 C:\Users\Jajang Nurjaman\blog\app\Controllers\Posts.php(69): view('posts/edit', Array)
#4 C:\Users\Jajang Nurjaman\blog\vendor\codeigniter4\framework\system\CodeIgniter.php(914): App\Controllers\Posts->edit('16')
#5 C:\Users\Jajang Nurjaman\blog\vendor\codeigniter4\framework\system\CodeIgniter.php(400): CodeIgniter\CodeIgniter->runController(Object(App\Controllers\Posts))
#6 C:\Users\Jajang Nurjaman\blog\vendor\codeigniter4\framework\system\CodeIgniter.php(308): CodeIgniter\CodeIgniter->handleRequest(NULL, Object(Config\Cache), false)
#7 C:\Users\Jajang Nurjaman\blog\public\index.php(45): CodeIgniter\CodeIgniter->run()
#8 C:\Users\Jajang Nurjaman\blog\vendor\codeigniter4\framework\system\Commands\Server\rewrite.php(34): require_once('C:\\Users\\Jajang...')
#9 {main}
CRITICAL - 2020-06-26 03:59:28 --> Undefined variable: posts
#0 C:\Users\Jajang Nurjaman\blog\app\Views\posts\edit.php(13): CodeIgniter\Debug\Exceptions->errorHandler(8, 'Undefined varia...', 'C:\\Users\\Jajang...', 13, Array)
#1 C:\Users\Jajang Nurjaman\blog\vendor\codeigniter4\framework\system\View\View.php(246): include('C:\\Users\\Jajang...')
#2 C:\Users\Jajang Nurjaman\blog\vendor\codeigniter4\framework\system\Common.php(1087): CodeIgniter\View\View->render('posts/edit', Array, true)
#3 C:\Users\Jajang Nurjaman\blog\app\Controllers\Posts.php(70): view('posts/edit', Array)
#4 C:\Users\Jajang Nurjaman\blog\vendor\codeigniter4\framework\system\CodeIgniter.php(914): App\Controllers\Posts->edit('16')
#5 C:\Users\Jajang Nurjaman\blog\vendor\codeigniter4\framework\system\CodeIgniter.php(400): CodeIgniter\CodeIgniter->runController(Object(App\Controllers\Posts))
#6 C:\Users\Jajang Nurjaman\blog\vendor\codeigniter4\framework\system\CodeIgniter.php(308): CodeIgniter\CodeIgniter->handleRequest(NULL, Object(Config\Cache), false)
#7 C:\Users\Jajang Nurjaman\blog\public\index.php(45): CodeIgniter\CodeIgniter->run()
#8 C:\Users\Jajang Nurjaman\blog\vendor\codeigniter4\framework\system\Commands\Server\rewrite.php(34): require_once('C:\\Users\\Jajang...')
#9 {main}
CRITICAL - 2020-06-26 04:05:56 --> Undefined variable: posts
#0 C:\Users\Jajang Nurjaman\blog\app\Views\posts\edit.php(13): CodeIgniter\Debug\Exceptions->errorHandler(8, 'Undefined varia...', 'C:\\Users\\Jajang...', 13, Array)
#1 C:\Users\Jajang Nurjaman\blog\vendor\codeigniter4\framework\system\View\View.php(246): include('C:\\Users\\Jajang...')
#2 C:\Users\Jajang Nurjaman\blog\vendor\codeigniter4\framework\system\Common.php(1087): CodeIgniter\View\View->render('posts/edit', Array, true)
#3 C:\Users\Jajang Nurjaman\blog\app\Controllers\Posts.php(70): view('posts/edit', Array)
#4 C:\Users\Jajang Nurjaman\blog\vendor\codeigniter4\framework\system\CodeIgniter.php(914): App\Controllers\Posts->edit('16')
#5 C:\Users\Jajang Nurjaman\blog\vendor\codeigniter4\framework\system\CodeIgniter.php(400): CodeIgniter\CodeIgniter->runController(Object(App\Controllers\Posts))
#6 C:\Users\Jajang Nurjaman\blog\vendor\codeigniter4\framework\system\CodeIgniter.php(308): CodeIgniter\CodeIgniter->handleRequest(NULL, Object(Config\Cache), false)
#7 C:\Users\Jajang Nurjaman\blog\public\index.php(45): CodeIgniter\CodeIgniter->run()
#8 C:\Users\Jajang Nurjaman\blog\vendor\codeigniter4\framework\system\Commands\Server\rewrite.php(34): require_once('C:\\Users\\Jajang...')
#9 {main}
CRITICAL - 2020-06-26 04:09:11 --> Undefined variable: model
#0 C:\Users\Jajang Nurjaman\blog\app\Controllers\Posts.php(74): CodeIgniter\Debug\Exceptions->errorHandler(8, 'Undefined varia...', 'C:\\Users\\Jajang...', 74, Array)
#1 C:\Users\Jajang Nurjaman\blog\vendor\codeigniter4\framework\system\CodeIgniter.php(914): App\Controllers\Posts->edit('16')
#2 C:\Users\Jajang Nurjaman\blog\vendor\codeigniter4\framework\system\CodeIgniter.php(400): CodeIgniter\CodeIgniter->runController(Object(App\Controllers\Posts))
#3 C:\Users\Jajang Nurjaman\blog\vendor\codeigniter4\framework\system\CodeIgniter.php(308): CodeIgniter\CodeIgniter->handleRequest(NULL, Object(Config\Cache), false)
#4 C:\Users\Jajang Nurjaman\blog\public\index.php(45): CodeIgniter\CodeIgniter->run()
#5 C:\Users\Jajang Nurjaman\blog\vendor\codeigniter4\framework\system\Commands\Server\rewrite.php(34): require_once('C:\\Users\\Jajang...')
#6 {main}
CRITICAL - 2020-06-26 04:11:58 --> Undefined variable: errors
#0 C:\Users\Jajang Nurjaman\blog\app\Controllers\Posts.php(69): CodeIgniter\Debug\Exceptions->errorHandler(8, 'Undefined varia...', 'C:\\Users\\Jajang...', 69, Array)
#1 C:\Users\Jajang Nurjaman\blog\vendor\codeigniter4\framework\system\CodeIgniter.php(914): App\Controllers\Posts->edit('16')
#2 C:\Users\Jajang Nurjaman\blog\vendor\codeigniter4\framework\system\CodeIgniter.php(400): CodeIgniter\CodeIgniter->runController(Object(App\Controllers\Posts))
#3 C:\Users\Jajang Nurjaman\blog\vendor\codeigniter4\framework\system\CodeIgniter.php(308): CodeIgniter\CodeIgniter->handleRequest(NULL, Object(Config\Cache), false)
#4 C:\Users\Jajang Nurjaman\blog\public\index.php(45): CodeIgniter\CodeIgniter->run()
#5 C:\Users\Jajang Nurjaman\blog\vendor\codeigniter4\framework\system\Commands\Server\rewrite.php(34): require_once('C:\\Users\\Jajang...')
#6 {main}
CRITICAL - 2020-06-26 04:35:54 --> Array to string conversion
#0 C:\Users\Jajang Nurjaman\blog\app\Views\posts\add.php(23): CodeIgniter\Debug\Exceptions->errorHandler(8, 'Array to string...', 'C:\\Users\\Jajang...', 23, Array)
#1 C:\Users\Jajang Nurjaman\blog\vendor\codeigniter4\framework\system\View\View.php(246): include('C:\\Users\\Jajang...')
#2 C:\Users\Jajang Nurjaman\blog\vendor\codeigniter4\framework\system\Common.php(1087): CodeIgniter\View\View->render('posts/add', Array, true)
#3 C:\Users\Jajang Nurjaman\blog\app\Controllers\Posts.php(44): view('posts/add', Array)
#4 C:\Users\Jajang Nurjaman\blog\vendor\codeigniter4\framework\system\CodeIgniter.php(914): App\Controllers\Posts->add()
#5 C:\Users\Jajang Nurjaman\blog\vendor\codeigniter4\framework\system\CodeIgniter.php(400): CodeIgniter\CodeIgniter->runController(Object(App\Controllers\Posts))
#6 C:\Users\Jajang Nurjaman\blog\vendor\codeigniter4\framework\system\CodeIgniter.php(308): CodeIgniter\CodeIgniter->handleRequest(NULL, Object(Config\Cache), false)
#7 C:\Users\Jajang Nurjaman\blog\public\index.php(45): CodeIgniter\CodeIgniter->run()
#8 C:\Users\Jajang Nurjaman\blog\vendor\codeigniter4\framework\system\Commands\Server\rewrite.php(34): require_once('C:\\Users\\Jajang...')
#9 {main}
