CRITICAL - 2020-06-24 23:58:42 --> Call to undefined method App\Models\PostsModel::getProduct
#0 C:\Users\Jajang Nurjaman\blog\app\Controllers\PostsController.php(14): CodeIgniter\Model->__call('getProduct', Array)
#1 C:\Users\Jajang Nurjaman\blog\vendor\codeigniter4\framework\system\CodeIgniter.php(914): App\Controllers\PostsController->index()
#2 C:\Users\Jajang Nurjaman\blog\vendor\codeigniter4\framework\system\CodeIgniter.php(400): CodeIgniter\CodeIgniter->runController(Object(App\Controllers\PostsController))
#3 C:\Users\Jajang Nurjaman\blog\vendor\codeigniter4\framework\system\CodeIgniter.php(308): CodeIgniter\CodeIgniter->handleRequest(NULL, Object(Config\Cache), false)
#4 C:\Users\Jajang Nurjaman\blog\public\index.php(45): CodeIgniter\CodeIgniter->run()
#5 C:\Users\Jajang Nurjaman\blog\vendor\codeigniter4\framework\system\Commands\Server\rewrite.php(34): require_once('C:\\Users\\Jajang...')
#6 {main}
CRITICAL - 2020-06-24 23:58:55 --> Call to undefined method App\Models\PostsModel::getProduct
#0 C:\Users\Jajang Nurjaman\blog\app\Controllers\PostsController.php(14): CodeIgniter\Model->__call('getProduct', Array)
#1 C:\Users\Jajang Nurjaman\blog\vendor\codeigniter4\framework\system\CodeIgniter.php(914): App\Controllers\PostsController->index()
#2 C:\Users\Jajang Nurjaman\blog\vendor\codeigniter4\framework\system\CodeIgniter.php(400): CodeIgniter\CodeIgniter->runController(Object(App\Controllers\PostsController))
#3 C:\Users\Jajang Nurjaman\blog\vendor\codeigniter4\framework\system\CodeIgniter.php(308): CodeIgniter\CodeIgniter->handleRequest(NULL, Object(Config\Cache), false)
#4 C:\Users\Jajang Nurjaman\blog\public\index.php(45): CodeIgniter\CodeIgniter->run()
#5 C:\Users\Jajang Nurjaman\blog\vendor\codeigniter4\framework\system\Commands\Server\rewrite.php(34): require_once('C:\\Users\\Jajang...')
#6 {main}
CRITICAL - 2020-06-24 23:59:09 --> Call to undefined method App\Models\PostsModel::getProduct
#0 C:\Users\Jajang Nurjaman\blog\app\Controllers\PostsController.php(14): CodeIgniter\Model->__call('getProduct', Array)
#1 C:\Users\Jajang Nurjaman\blog\vendor\codeigniter4\framework\system\CodeIgniter.php(914): App\Controllers\PostsController->index()
#2 C:\Users\Jajang Nurjaman\blog\vendor\codeigniter4\framework\system\CodeIgniter.php(400): CodeIgniter\CodeIgniter->runController(Object(App\Controllers\PostsController))
#3 C:\Users\Jajang Nurjaman\blog\vendor\codeigniter4\framework\system\CodeIgniter.php(308): CodeIgniter\CodeIgniter->handleRequest(NULL, Object(Config\Cache), false)
#4 C:\Users\Jajang Nurjaman\blog\public\index.php(45): CodeIgniter\CodeIgniter->run()
#5 C:\Users\Jajang Nurjaman\blog\vendor\codeigniter4\framework\system\Commands\Server\rewrite.php(34): require_once('C:\\Users\\Jajang...')
#6 {main}
CRITICAL - 2020-06-24 23:59:30 --> Call to undefined method App\Models\PostsModel::getProduct
#0 C:\Users\Jajang Nurjaman\blog\app\Controllers\PostsController.php(14): CodeIgniter\Model->__call('getProduct', Array)
#1 C:\Users\Jajang Nurjaman\blog\vendor\codeigniter4\framework\system\CodeIgniter.php(914): App\Controllers\PostsController->index()
#2 C:\Users\Jajang Nurjaman\blog\vendor\codeigniter4\framework\system\CodeIgniter.php(400): CodeIgniter\CodeIgniter->runController(Object(App\Controllers\PostsController))
#3 C:\Users\Jajang Nurjaman\blog\vendor\codeigniter4\framework\system\CodeIgniter.php(308): CodeIgniter\CodeIgniter->handleRequest(NULL, Object(Config\Cache), false)
#4 C:\Users\Jajang Nurjaman\blog\public\index.php(45): CodeIgniter\CodeIgniter->run()
#5 C:\Users\Jajang Nurjaman\blog\vendor\codeigniter4\framework\system\Commands\Server\rewrite.php(34): require_once('C:\\Users\\Jajang...')
#6 {main}
CRITICAL - 2020-06-24 23:59:56 --> Call to a member function getResult() on null
#0 C:\Users\Jajang Nurjaman\blog\vendor\codeigniter4\framework\system\CodeIgniter.php(914): App\Controllers\PostsController->index()
#1 C:\Users\Jajang Nurjaman\blog\vendor\codeigniter4\framework\system\CodeIgniter.php(400): CodeIgniter\CodeIgniter->runController(Object(App\Controllers\PostsController))
#2 C:\Users\Jajang Nurjaman\blog\vendor\codeigniter4\framework\system\CodeIgniter.php(308): CodeIgniter\CodeIgniter->handleRequest(NULL, Object(Config\Cache), false)
#3 C:\Users\Jajang Nurjaman\blog\public\index.php(45): CodeIgniter\CodeIgniter->run()
#4 C:\Users\Jajang Nurjaman\blog\vendor\codeigniter4\framework\system\Commands\Server\rewrite.php(34): require_once('C:\\Users\\Jajang...')
#5 {main}
CRITICAL - 2020-06-24 23:59:57 --> Call to a member function getResult() on null
#0 C:\Users\Jajang Nurjaman\blog\vendor\codeigniter4\framework\system\CodeIgniter.php(914): App\Controllers\PostsController->index()
#1 C:\Users\Jajang Nurjaman\blog\vendor\codeigniter4\framework\system\CodeIgniter.php(400): CodeIgniter\CodeIgniter->runController(Object(App\Controllers\PostsController))
#2 C:\Users\Jajang Nurjaman\blog\vendor\codeigniter4\framework\system\CodeIgniter.php(308): CodeIgniter\CodeIgniter->handleRequest(NULL, Object(Config\Cache), false)
#3 C:\Users\Jajang Nurjaman\blog\public\index.php(45): CodeIgniter\CodeIgniter->run()
#4 C:\Users\Jajang Nurjaman\blog\vendor\codeigniter4\framework\system\Commands\Server\rewrite.php(34): require_once('C:\\Users\\Jajang...')
#5 {main}
